 BELLHOP/BELLHOP3D

 BELLHOP- Munk profile                                                           
 frequency =   1500.     Hz

 Dummy parameter NMedia =            1

     C-linear approximation to SSP
     Attenuation units: dB/wavelength
     VACUUM

 Depth =    5000.00 m

 Sound speed profile:
   z (m)     alphaR (m/s)   betaR  rho (g/cm^3)  alphaI     betaI

      0.00      1548.52      0.00     1.00       0.0000    0.0000
    200.00      1530.29      0.00     1.00       0.0000    0.0000
    250.00      1526.69      0.00     1.00       0.0000    0.0000
    400.00      1517.78      0.00     1.00       0.0000    0.0000
    600.00      1509.49      0.00     1.00       0.0000    0.0000
    800.00      1504.30      0.00     1.00       0.0000    0.0000
   1000.00      1501.38      0.00     1.00       0.0000    0.0000
   1200.00      1500.14      0.00     1.00       0.0000    0.0000
   1400.00      1500.12      0.00     1.00       0.0000    0.0000
   1600.00      1501.02      0.00     1.00       0.0000    0.0000
   1800.00      1502.57      0.00     1.00       0.0000    0.0000
   2000.00      1504.62      0.00     1.00       0.0000    0.0000
   2200.00      1507.02      0.00     1.00       0.0000    0.0000
   2400.00      1509.69      0.00     1.00       0.0000    0.0000
   2600.00      1512.55      0.00     1.00       0.0000    0.0000
   2800.00      1515.56      0.00     1.00       0.0000    0.0000
   3000.00      1518.67      0.00     1.00       0.0000    0.0000
   3200.00      1521.85      0.00     1.00       0.0000    0.0000
   3400.00      1525.10      0.00     1.00       0.0000    0.0000
   3600.00      1528.38      0.00     1.00       0.0000    0.0000
   3800.00      1531.70      0.00     1.00       0.0000    0.0000
   4000.00      1535.04      0.00     1.00       0.0000    0.0000
   4200.00      1538.39      0.00     1.00       0.0000    0.0000
   4400.00      1541.76      0.00     1.00       0.0000    0.0000
   4600.00      1545.14      0.00     1.00       0.0000    0.0000
   4800.00      1548.52      0.00     1.00       0.0000    0.0000
   5000.00      1551.91      0.00     1.00       0.0000    0.0000

                                 ( RMS roughness =   0.00     )
     ACOUSTO-ELASTIC half-space
   5000.00      1600.00      0.00     1.80       0.8000    0.0000

 __________________________________________________________________________


 Number of source   depths =            1
 Source depths (m)
   141.220    

 Number of receiver depths =          200
 Receiver depths (m)
   0.00000       25.1256       50.2513       75.3769       100.503    
   125.628       150.754       175.879       201.005       226.131    
   251.256       276.382       301.508       326.633       351.759    
   376.884       402.010       427.136       452.261       477.387    
   502.513    
  ...    5000.00000    

 *** WARNING ***
 Generated by program or subroutine: SdRdRMod
 Receiver above or too near the top bdry has been moved down


 *** WARNING ***
 Generated by program or subroutine: SdRdRMod
 Receiver below or too near the bottom bdry has been moved up


 Number of receiver ranges =          200
 Receiver ranges (km)
   0.00000      0.502513E-01  0.100503      0.150754      0.201005    
  0.251256      0.301508      0.351759      0.402010      0.452261    
  0.502513      0.552764      0.603015      0.653266      0.703518    
  0.753769      0.804020      0.854271      0.904523      0.954774    
   1.00503    
  ...    10.0000000    

 Coherent TL calculation
 Geometric hat beams in Cartesian coordinates
 Point source (cylindrical coordinates)
 Rectilinear receiver grid: Receivers at rr( : ) x rd( : )

 Number of beams in elevation   =         3000
 Beam take-off angles (degrees)
  -20.3000      -20.2865      -20.2729      -20.2594      -20.2458    
  -20.2323      -20.2188      -20.2052      -20.1917      -20.1782    
  -20.1646      -20.1511      -20.1375      -20.1240      -20.1105    
  -20.0969      -20.0834      -20.0699      -20.0563      -20.0428    
  -20.0292    
  ...    20.300000000000001     

 __________________________________________________________________________


 Step length,      deltas =    0.0000000000000000      m

 Maximum ray depth, Box%z =    5500.0000000000000      m
 Maximum ray range, Box%r =    101000.00000000000      m
 No beam shift in effect


 Step length,      deltas =    500.00000000000000      m (automatically selected)

Tracing beam       1    -20.30

 Geometic hat beams                      
 halfwidth  =    1379.1882669845427     
 epsilonOpt =  (  0.0000000000000000     ,  8963719122.5480747     )
 EpsMult    =    1.0000000000000000     

Tracing beam      61    -19.49
Tracing beam     121    -18.68
Tracing beam     181    -17.86
Tracing beam     241    -17.05
Tracing beam     301    -16.24
Tracing beam     361    -15.43
Tracing beam     421    -14.61
Tracing beam     481    -13.80
Tracing beam     541    -12.99
Tracing beam     601    -12.18
Tracing beam     661    -11.37
Tracing beam     721    -10.55
Tracing beam     781     -9.74
Tracing beam     841     -8.93
Tracing beam     901     -8.12
Tracing beam     961     -7.30
Tracing beam    1021     -6.49
Tracing beam    1081     -5.68
Tracing beam    1141     -4.87
Tracing beam    1201     -4.05
Tracing beam    1261     -3.24
Tracing beam    1321     -2.43
Tracing beam    1381     -1.62
Tracing beam    1441     -0.81
Tracing beam    1501      0.01
Tracing beam    1561      0.82
Tracing beam    1621      1.63
Tracing beam    1681      2.44
Tracing beam    1741      3.26
Tracing beam    1801      4.07
Tracing beam    1861      4.88
Tracing beam    1921      5.69
Tracing beam    1981      6.50
Tracing beam    2041      7.32
Tracing beam    2101      8.13
Tracing beam    2161      8.94
Tracing beam    2221      9.75
Tracing beam    2281     10.57
Tracing beam    2341     11.38
Tracing beam    2401     12.19
Tracing beam    2461     13.00
Tracing beam    2521     13.82
Tracing beam    2581     14.63
Tracing beam    2641     15.44
Tracing beam    2701     16.25
Tracing beam    2761     17.06
Tracing beam    2821     17.88
Tracing beam    2881     18.69
Tracing beam    2941     19.50

 CPU Time =        1.04    s
